::1 - - [24/Jul/2025 12:25:13] "GET / HTTP/1.1" 200 -
::1 - - [24/Jul/2025 12:27:06] "GET / HTTP/1.1" 200 -
::1 - - [24/Jul/2025 12:27:06] "GET /css/main.css HTTP/1.1" 200 -
::1 - - [24/Jul/2025 12:27:06] "GET /css/partnership.css HTTP/1.1" 200 -
::1 - - [24/Jul/2025 12:27:06] "GET /css/gamification.css HTTP/1.1" 200 -
::1 - - [24/Jul/2025 12:27:06] "GET /js/law-content.js HTTP/1.1" 200 -
::1 - - [24/Jul/2025 12:27:06] "GET /js/turso-sync.js HTTP/1.1" 200 -
::1 - - [24/Jul/2025 12:27:06] "GET /js/challenges.js HTTP/1.1" 200 -
::1 - - [24/Jul/2025 12:27:06] "GET /js/partnership.js HTTP/1.1" 200 -
::1 - - [24/Jul/2025 12:27:06] "GET /js/app.js HTTP/1.1" 200 -
::1 - - [24/Jul/2025 12:27:06] "GET /js/gamification.js HTTP/1.1" 200 -
::1 - - [24/Jul/2025 12:27:06] code 404, message File not found
::1 - - [24/Jul/2025 12:27:06] "GET /favicon.ico HTTP/1.1" 404 -
::1 - - [24/Jul/2025 12:28:06] "GET /js/gamification.js HTTP/1.1" 304 -
::1 - - [24/Jul/2025 12:32:50] "GET / HTTP/1.1" 200 -
::1 - - [24/Jul/2025 12:48:36] "GET / HTTP/1.1" 200 -
::1 - - [24/Jul/2025 12:48:36] "GET /css/flashcards.css HTTP/1.1" 200 -
::1 - - [24/Jul/2025 12:48:36] "GET /css/irac-practice.css HTTP/1.1" 200 -
::1 - - [24/Jul/2025 12:48:36] "GET /js/flashcards.js HTTP/1.1" 200 -
::1 - - [24/Jul/2025 12:48:36] "GET /js/irac-practice.js HTTP/1.1" 200 -
::1 - - [24/Jul/2025 12:48:36] "GET /css/main.css HTTP/1.1" 304 -
::1 - - [24/Jul/2025 12:48:36] "GET /css/partnership.css HTTP/1.1" 304 -
::1 - - [24/Jul/2025 12:48:36] "GET /js/law-content.js HTTP/1.1" 200 -
::1 - - [24/Jul/2025 12:48:36] "GET /css/gamification.css HTTP/1.1" 304 -
::1 - - [24/Jul/2025 12:48:36] "GET /js/partnership.js HTTP/1.1" 304 -
::1 - - [24/Jul/2025 12:48:36] "GET /js/turso-sync.js HTTP/1.1" 304 -
::1 - - [24/Jul/2025 12:48:36] "GET /js/challenges.js HTTP/1.1" 304 -
::1 - - [24/Jul/2025 12:48:36] "GET /js/gamification.js HTTP/1.1" 304 -
::1 - - [24/Jul/2025 12:48:36] "GET /js/app.js HTTP/1.1" 200 -
::1 - - [24/Jul/2025 12:48:36] "GET /favicon.svg HTTP/1.1" 200 -
::1 - - [24/Jul/2025 12:58:42] "GET / HTTP/1.1" 304 -
::1 - - [24/Jul/2025 12:58:42] "GET /css/main.css HTTP/1.1" 200 -
::1 - - [24/Jul/2025 12:58:42] "GET /css/partnership.css HTTP/1.1" 200 -
::1 - - [24/Jul/2025 12:58:42] "GET /css/gamification.css HTTP/1.1" 200 -
::1 - - [24/Jul/2025 12:58:42] "GET /css/flashcards.css HTTP/1.1" 200 -
::1 - - [24/Jul/2025 12:58:42] "GET /css/irac-practice.css HTTP/1.1" 200 -
::1 - - [24/Jul/2025 12:58:42] "GET /js/law-content.js HTTP/1.1" 304 -
::1 - - [24/Jul/2025 12:58:42] "GET /js/turso-sync.js HTTP/1.1" 304 -
::1 - - [24/Jul/2025 12:58:42] "GET /js/partnership.js HTTP/1.1" 304 -
::1 - - [24/Jul/2025 12:58:42] "GET /js/irac-practice.js HTTP/1.1" 304 -
::1 - - [24/Jul/2025 12:58:42] "GET /js/challenges.js HTTP/1.1" 304 -
::1 - - [24/Jul/2025 12:58:42] "GET /js/gamification.js HTTP/1.1" 304 -
::1 - - [24/Jul/2025 12:58:42] "GET /js/flashcards.js HTTP/1.1" 304 -
::1 - - [24/Jul/2025 12:58:42] "GET /js/app.js HTTP/1.1" 304 -
::1 - - [24/Jul/2025 12:58:42] "GET /favicon.svg HTTP/1.1" 304 -
::1 - - [24/Jul/2025 13:01:44] "GET / HTTP/1.1" 304 -
::1 - - [24/Jul/2025 13:01:44] "GET /css/main.css HTTP/1.1" 304 -
::1 - - [24/Jul/2025 13:01:44] "GET /css/partnership.css HTTP/1.1" 304 -
::1 - - [24/Jul/2025 13:01:44] "GET /css/gamification.css HTTP/1.1" 304 -
::1 - - [24/Jul/2025 13:01:44] "GET /css/irac-practice.css HTTP/1.1" 304 -
::1 - - [24/Jul/2025 13:01:44] "GET /js/law-content.js HTTP/1.1" 304 -
::1 - - [24/Jul/2025 13:01:44] "GET /css/flashcards.css HTTP/1.1" 200 -
::1 - - [24/Jul/2025 13:01:44] "GET /js/flashcards.js HTTP/1.1" 304 -
::1 - - [24/Jul/2025 13:01:44] "GET /js/irac-practice.js HTTP/1.1" 304 -
::1 - - [24/Jul/2025 13:01:44] "GET /js/app.js HTTP/1.1" 304 -
::1 - - [24/Jul/2025 13:01:44] "GET /favicon.svg HTTP/1.1" 304 -
::1 - - [24/Jul/2025 13:01:54] "GET / HTTP/1.1" 200 -
::1 - - [24/Jul/2025 13:01:54] "GET /css/main.css HTTP/1.1" 200 -
::1 - - [24/Jul/2025 13:01:54] "GET /css/gamification.css HTTP/1.1" 200 -
::1 - - [24/Jul/2025 13:01:54] "GET /css/flashcards.css HTTP/1.1" 200 -
::1 - - [24/Jul/2025 13:01:54] "GET /js/law-content.js HTTP/1.1" 200 -
::1 - - [24/Jul/2025 13:01:54] "GET /css/partnership.css HTTP/1.1" 200 -
::1 - - [24/Jul/2025 13:01:54] "GET /css/irac-practice.css HTTP/1.1" 200 -
::1 - - [24/Jul/2025 13:01:54] "GET /js/turso-sync.js HTTP/1.1" 200 -
::1 - - [24/Jul/2025 13:01:54] "GET /js/partnership.js HTTP/1.1" 200 -
::1 - - [24/Jul/2025 13:01:54] "GET /js/challenges.js HTTP/1.1" 200 -
::1 - - [24/Jul/2025 13:01:54] "GET /js/flashcards.js HTTP/1.1" 200 -
::1 - - [24/Jul/2025 13:01:54] "GET /js/gamification.js HTTP/1.1" 200 -
::1 - - [24/Jul/2025 13:01:54] "GET /js/app.js HTTP/1.1" 200 -
::1 - - [24/Jul/2025 13:01:54] "GET /js/irac-practice.js HTTP/1.1" 200 -
::1 - - [24/Jul/2025 13:01:54] "GET /favicon.ico HTTP/1.1" 200 -
::1 - - [24/Jul/2025 13:02:20] "GET / HTTP/1.1" 200 -
::1 - - [24/Jul/2025 13:02:20] "GET /css/main.css HTTP/1.1" 200 -
::1 - - [24/Jul/2025 13:02:20] "GET /css/partnership.css HTTP/1.1" 200 -
::1 - - [24/Jul/2025 13:02:20] "GET /css/gamification.css HTTP/1.1" 200 -
::1 - - [24/Jul/2025 13:02:20] "GET /css/flashcards.css HTTP/1.1" 200 -
::1 - - [24/Jul/2025 13:02:20] "GET /css/irac-practice.css HTTP/1.1" 200 -
::1 - - [24/Jul/2025 13:02:20] "GET /js/law-content.js HTTP/1.1" 200 -
::1 - - [24/Jul/2025 13:02:20] "GET /js/turso-sync.js HTTP/1.1" 200 -
::1 - - [24/Jul/2025 13:02:20] "GET /js/challenges.js HTTP/1.1" 200 -
::1 - - [24/Jul/2025 13:02:20] "GET /js/partnership.js HTTP/1.1" 200 -
::1 - - [24/Jul/2025 13:02:20] "GET /js/gamification.js HTTP/1.1" 200 -
::1 - - [24/Jul/2025 13:02:20] "GET /js/flashcards.js HTTP/1.1" 200 -
::1 - - [24/Jul/2025 13:02:20] "GET /js/irac-practice.js HTTP/1.1" 200 -
::1 - - [24/Jul/2025 13:02:20] "GET /js/app.js HTTP/1.1" 200 -
::1 - - [24/Jul/2025 13:02:20] "GET /favicon.ico HTTP/1.1" 200 -
::1 - - [24/Jul/2025 13:02:24] code 404, message File not found
::1 - - [24/Jul/2025 13:02:24] "GET /.well-known/appspecific/com.chrome.devtools.json HTTP/1.1" 404 -
::1 - - [24/Jul/2025 13:03:41] "GET / HTTP/1.1" 304 -
::1 - - [24/Jul/2025 13:03:41] "GET /css/gamification.css HTTP/1.1" 304 -
::1 - - [24/Jul/2025 13:03:41] "GET /css/main.css HTTP/1.1" 304 -
::1 - - [24/Jul/2025 13:03:41] "GET /css/partnership.css HTTP/1.1" 304 -
::1 - - [24/Jul/2025 13:03:41] "GET /css/irac-practice.css HTTP/1.1" 304 -
::1 - - [24/Jul/2025 13:03:41] "GET /css/flashcards.css HTTP/1.1" 304 -
::1 - - [24/Jul/2025 13:03:43] "GET / HTTP/1.1" 200 -
::1 - - [24/Jul/2025 13:03:43] "GET /css/partnership.css HTTP/1.1" 200 -
::1 - - [24/Jul/2025 13:03:43] "GET /css/flashcards.css HTTP/1.1" 200 -
::1 - - [24/Jul/2025 13:03:43] "GET /js/turso-sync.js HTTP/1.1" 200 -
::1 - - [24/Jul/2025 13:03:43] "GET /css/main.css HTTP/1.1" 200 -
::1 - - [24/Jul/2025 13:03:43] "GET /css/irac-practice.css HTTP/1.1" 200 -
::1 - - [24/Jul/2025 13:03:43] "GET /css/gamification.css HTTP/1.1" 200 -
::1 - - [24/Jul/2025 13:03:43] "GET /js/law-content.js HTTP/1.1" 200 -
::1 - - [24/Jul/2025 13:03:43] "GET /js/partnership.js HTTP/1.1" 200 -
::1 - - [24/Jul/2025 13:03:43] "GET /js/challenges.js HTTP/1.1" 200 -
::1 - - [24/Jul/2025 13:03:43] "GET /js/app.js HTTP/1.1" 200 -
::1 - - [24/Jul/2025 13:03:43] "GET /js/gamification.js HTTP/1.1" 200 -
::1 - - [24/Jul/2025 13:03:43] "GET /js/flashcards.js HTTP/1.1" 200 -
::1 - - [24/Jul/2025 13:03:43] "GET /js/irac-practice.js HTTP/1.1" 200 -
::1 - - [24/Jul/2025 13:03:43] "GET /favicon.ico HTTP/1.1" 200 -
::1 - - [24/Jul/2025 13:09:41] "GET / HTTP/1.1" 200 -
::1 - - [24/Jul/2025 13:09:41] "GET /css/law-tree.css HTTP/1.1" 200 -
::1 - - [24/Jul/2025 13:09:41] "GET /js/law-tree.js HTTP/1.1" 200 -
::1 - - [24/Jul/2025 13:09:41] "GET /css/main.css HTTP/1.1" 304 -
::1 - - [24/Jul/2025 13:09:41] "GET /css/partnership.css HTTP/1.1" 304 -
::1 - - [24/Jul/2025 13:09:41] "GET /css/gamification.css HTTP/1.1" 304 -
::1 - - [24/Jul/2025 13:09:41] "GET /css/flashcards.css HTTP/1.1" 304 -
::1 - - [24/Jul/2025 13:09:41] "GET /js/turso-sync.js HTTP/1.1" 304 -
::1 - - [24/Jul/2025 13:09:41] "GET /js/law-content.js HTTP/1.1" 304 -
::1 - - [24/Jul/2025 13:09:41] "GET /css/irac-practice.css HTTP/1.1" 304 -
::1 - - [24/Jul/2025 13:09:41] "GET /js/partnership.js HTTP/1.1" 304 -
::1 - - [24/Jul/2025 13:09:41] "GET /js/challenges.js HTTP/1.1" 304 -
::1 - - [24/Jul/2025 13:09:41] "GET /js/gamification.js HTTP/1.1" 304 -
::1 - - [24/Jul/2025 13:09:41] "GET /js/flashcards.js HTTP/1.1" 304 -
::1 - - [24/Jul/2025 13:09:41] "GET /js/irac-practice.js HTTP/1.1" 304 -
::1 - - [24/Jul/2025 13:09:41] "GET /js/app.js HTTP/1.1" 200 -
::1 - - [24/Jul/2025 13:09:41] "GET /favicon.ico HTTP/1.1" 304 -
::1 - - [24/Jul/2025 13:09:41] "GET /favicon.svg HTTP/1.1" 304 -
::1 - - [24/Jul/2025 13:29:49] "GET / HTTP/1.1" 200 -
::1 - - [24/Jul/2025 13:29:49] "GET /js/law-content.js HTTP/1.1" 200 -
::1 - - [24/Jul/2025 13:29:49] "GET /js/gamification.js HTTP/1.1" 304 -
::1 - - [24/Jul/2025 13:29:49] "GET /js/turso-sync.js HTTP/1.1" 304 -
::1 - - [24/Jul/2025 13:29:49] "GET /js/partnership.js HTTP/1.1" 304 -
::1 - - [24/Jul/2025 13:29:49] "GET /js/law-tree.js HTTP/1.1" 200 -
::1 - - [24/Jul/2025 13:29:49] "GET /js/app.js HTTP/1.1" 200 -
::1 - - [24/Jul/2025 13:29:49] "GET /js/irac-practice.js HTTP/1.1" 304 -
::1 - - [24/Jul/2025 13:29:49] "GET /favicon.ico HTTP/1.1" 304 -
::1 - - [24/Jul/2025 13:29:49] "GET /favicon.svg HTTP/1.1" 304 -
